<?xml version="1.0" encoding="UTF-8"?>
<!-- Generated by org.testng.reporters.JUnitReportReporter -->
<testsuite hostname="DESKTOP-3RBOU9C" failures="0" tests="1" name="com.spicejet.qa.test.LoginPageTest" time="21.253" errors="0" timestamp="02 Jul 2023 14:04:54 GMT" skipped="0">
  <testcase classname="com.spicejet.qa.test.LoginPageTest" name="login" time="21.253"/>
</testsuite> <!-- com.spicejet.qa.test.LoginPageTest -->
